09:54:20.245 [main] DEBUG com.mindtree.stepDefinations.signinStepDefination - browser is closed
09:54:36.436 [main] DEBUG com.mindtree.stepDefinations.signinStepDefination - navigated to the url
09:54:36.575 [main] INFO  com.mindtree.stepDefinations.CountingLinksInTheHomePage - Total links in the landing page 451
09:54:40.815 [main] DEBUG com.mindtree.stepDefinations.signinStepDefination - browser is closed
09:54:52.077 [main] DEBUG com.mindtree.stepDefinations.signinStepDefination - navigated to the url
09:54:57.802 [main] INFO  com.mindtree.stepDefinations.DropdownStepDefination - clicked on the product
09:55:04.055 [main] INFO  com.mindtree.stepDefinations.DropdownStepDefination - the product is sold out
09:55:04.954 [main] DEBUG com.mindtree.stepDefinations.signinStepDefination - browser is closed
09:55:17.169 [main] DEBUG com.mindtree.stepDefinations.signinStepDefination - navigated to the url
09:55:29.316 [main] INFO  com.mindtree.stepDefinations.MarvelPageSortByStepDefination - clicked on marvel logo and  navigated to marvel page
09:55:43.252 [main] DEBUG com.mindtree.stepDefinations.signinStepDefination - browser is closed
09:56:07.238 [main] DEBUG com.mindtree.stepDefinations.signinStepDefination - navigated to the url
09:56:13.389 [main] DEBUG com.mindtree.stepDefinations.PersonalizedGiftsStepDefination - clicked on personalized gifts icon
09:56:25.309 [main] DEBUG com.mindtree.stepDefinations.PersonalizedGiftsStepDefination - clicked on product
09:56:25.889 [main] DEBUG com.mindtree.stepDefinations.PersonalizedGiftsStepDefination - Added to the cart
09:56:30.121 [main] DEBUG com.mindtree.stepDefinations.signinStepDefination - browser is closed
09:56:42.440 [main] DEBUG com.mindtree.stepDefinations.signinStepDefination - navigated to the url
09:56:45.685 [main] DEBUG com.mindtree.stepDefinations.RemoveFromCart - clicked on christmas gifts icon
09:56:51.606 [main] DEBUG com.mindtree.stepDefinations.RemoveFromCart - clicked on product
09:56:52.217 [main] DEBUG com.mindtree.stepDefinations.RemoveFromCart - clicked on add to cart
